{"/Users/akrish49/AwesomeProject/components/Card.js": {"path":"/Users/akrish49/AwesomeProject/components/Card.js","statementMap":{"0":{"start":{"line":7,"column":13},"end":{"line":9,"column":1}},"1":{"start":{"line":8,"column":4},"end":{"line":8,"column":86}},"2":{"start":{"line":11,"column":15},"end":{"line":22,"column":2}}},"fnMap":{"0":{"name":"(anonymous_0)","decl":{"start":{"line":7,"column":13},"end":{"line":7,"column":14}},"loc":{"start":{"line":7,"column":22},"end":{"line":9,"column":1}},"line":7}},"branchMap":{},"s":{"0":1,"1":2,"2":1},"f":{"0":2},"b":{},"_coverageSchema":"1a1c01bbd47fc00a2c39e90264f33305004495a9","hash":"4a8c0262a52a85828ba56afb5a09f671a4b7e343"}
,"/Users/akrish49/AwesomeProject/components/Header.js": {"path":"/Users/akrish49/AwesomeProject/components/Header.js","statementMap":{"0":{"start":{"line":9,"column":15},"end":{"line":12,"column":1}},"1":{"start":{"line":10,"column":4},"end":{"line":11,"column":66}},"2":{"start":{"line":14,"column":15},"end":{"line":40,"column":2}}},"fnMap":{"0":{"name":"(anonymous_0)","decl":{"start":{"line":9,"column":15},"end":{"line":9,"column":16}},"loc":{"start":{"line":9,"column":24},"end":{"line":12,"column":1}},"line":9}},"branchMap":{},"s":{"0":1,"1":2,"2":1},"f":{"0":2},"b":{},"_coverageSchema":"1a1c01bbd47fc00a2c39e90264f33305004495a9","hash":"441b6d910e5e277468b98b9d8359a6fe30c97d33"}
,"/Users/akrish49/AwesomeProject/data/SampleData.js": {"path":"/Users/akrish49/AwesomeProject/data/SampleData.js","statementMap":{"0":{"start":{"line":3,"column":24},"end":{"line":55,"column":76}}},"fnMap":{},"branchMap":{},"s":{"0":1},"f":{},"b":{},"_coverageSchema":"1a1c01bbd47fc00a2c39e90264f33305004495a9","hash":"2f4bcbf03a2aab559ae8cddf3a586ef0f11dca43"}
,"/Users/akrish49/AwesomeProject/models/contact.js": {"path":"/Users/akrish49/AwesomeProject/models/contact.js","statementMap":{"0":{"start":{"line":10,"column":8},"end":{"line":10,"column":21}},"1":{"start":{"line":11,"column":8},"end":{"line":11,"column":35}},"2":{"start":{"line":12,"column":8},"end":{"line":12,"column":33}},"3":{"start":{"line":13,"column":8},"end":{"line":13,"column":39}},"4":{"start":{"line":14,"column":8},"end":{"line":14,"column":29}},"5":{"start":{"line":15,"column":8},"end":{"line":15,"column":32}}},"fnMap":{"0":{"name":"(anonymous_0)","decl":{"start":{"line":2,"column":4},"end":{"line":2,"column":5}},"loc":{"start":{"line":9,"column":5},"end":{"line":16,"column":5}},"line":9}},"branchMap":{},"s":{"0":28,"1":28,"2":28,"3":28,"4":28,"5":28},"f":{"0":28},"b":{},"_coverageSchema":"1a1c01bbd47fc00a2c39e90264f33305004495a9","hash":"24fb462ac0ad8b16fc566ab2043cee4cdc951d6d"}
,"/Users/akrish49/AwesomeProject/store/actions/contacts.js": {"path":"/Users/akrish49/AwesomeProject/store/actions/contacts.js","statementMap":{"0":{"start":{"line":1,"column":31},"end":{"line":1,"column":48}},"1":{"start":{"line":3,"column":27},"end":{"line":3,"column":40}},"2":{"start":{"line":4,"column":30},"end":{"line":4,"column":46}},"3":{"start":{"line":5,"column":30},"end":{"line":5,"column":46}},"4":{"start":{"line":7,"column":30},"end":{"line":9,"column":1}},"5":{"start":{"line":8,"column":4},"end":{"line":8,"column":51}},"6":{"start":{"line":12,"column":26},"end":{"line":22,"column":1}},"7":{"start":{"line":13,"column":4},"end":{"line":21,"column":6}},"8":{"start":{"line":24,"column":29},"end":{"line":36,"column":1}},"9":{"start":{"line":25,"column":4},"end":{"line":35,"column":6}},"10":{"start":{"line":38,"column":29},"end":{"line":43,"column":1}},"11":{"start":{"line":39,"column":4},"end":{"line":42,"column":6}}},"fnMap":{"0":{"name":"(anonymous_0)","decl":{"start":{"line":7,"column":30},"end":{"line":7,"column":31}},"loc":{"start":{"line":7,"column":38},"end":{"line":9,"column":1}},"line":7},"1":{"name":"(anonymous_1)","decl":{"start":{"line":12,"column":26},"end":{"line":12,"column":27}},"loc":{"start":{"line":12,"column":72},"end":{"line":22,"column":1}},"line":12},"2":{"name":"(anonymous_2)","decl":{"start":{"line":24,"column":29},"end":{"line":24,"column":30}},"loc":{"start":{"line":24,"column":89},"end":{"line":36,"column":1}},"line":24},"3":{"name":"(anonymous_3)","decl":{"start":{"line":38,"column":29},"end":{"line":38,"column":30}},"loc":{"start":{"line":38,"column":37},"end":{"line":43,"column":1}},"line":38}},"branchMap":{},"s":{"0":1,"1":1,"2":1,"3":1,"4":1,"5":1,"6":1,"7":1,"8":1,"9":1,"10":1,"11":1},"f":{"0":1,"1":1,"2":1,"3":1},"b":{},"_coverageSchema":"1a1c01bbd47fc00a2c39e90264f33305004495a9","hash":"9d50c4653d2fbd88e61c181fd5475cf3990588e6"}
,"/Users/akrish49/AwesomeProject/store/reducers/contacts.js": {"path":"/Users/akrish49/AwesomeProject/store/reducers/contacts.js","statementMap":{"0":{"start":{"line":5,"column":21},"end":{"line":8,"column":1}},"1":{"start":{"line":10,"column":23},"end":{"line":72,"column":1}},"2":{"start":{"line":11,"column":4},"end":{"line":71,"column":5}},"3":{"start":{"line":13,"column":29},"end":{"line":15,"column":13}},"4":{"start":{"line":14,"column":27},"end":{"line":14,"column":58}},"5":{"start":{"line":16,"column":12},"end":{"line":26,"column":13}},"6":{"start":{"line":17,"column":43},"end":{"line":17,"column":70}},"7":{"start":{"line":18,"column":16},"end":{"line":18,"column":55}},"8":{"start":{"line":19,"column":16},"end":{"line":19,"column":73}},"9":{"start":{"line":22,"column":32},"end":{"line":23,"column":52}},"10":{"start":{"line":23,"column":20},"end":{"line":23,"column":51}},"11":{"start":{"line":24,"column":16},"end":{"line":24,"column":94}},"12":{"start":{"line":28,"column":30},"end":{"line":28,"column":35}},"13":{"start":{"line":29,"column":12},"end":{"line":31,"column":15}},"14":{"start":{"line":30,"column":16},"end":{"line":30,"column":35}},"15":{"start":{"line":32,"column":24},"end":{"line":32,"column":76}},"16":{"start":{"line":33,"column":31},"end":{"line":40,"column":13}},"17":{"start":{"line":41,"column":12},"end":{"line":43,"column":14}},"18":{"start":{"line":45,"column":12},"end":{"line":51,"column":14}},"19":{"start":{"line":47,"column":31},"end":{"line":47,"column":62}},"20":{"start":{"line":49,"column":31},"end":{"line":49,"column":62}},"21":{"start":{"line":53,"column":26},"end":{"line":55,"column":13}},"22":{"start":{"line":54,"column":27},"end":{"line":54,"column":63}},"23":{"start":{"line":56,"column":34},"end":{"line":63,"column":13}},"24":{"start":{"line":64,"column":36},"end":{"line":64,"column":55}},"25":{"start":{"line":65,"column":12},"end":{"line":65,"column":51}},"26":{"start":{"line":66,"column":12},"end":{"line":68,"column":14}},"27":{"start":{"line":70,"column":12},"end":{"line":70,"column":25}}},"fnMap":{"0":{"name":"(anonymous_0)","decl":{"start":{"line":10,"column":23},"end":{"line":10,"column":24}},"loc":{"start":{"line":10,"column":57},"end":{"line":72,"column":1}},"line":10},"1":{"name":"(anonymous_1)","decl":{"start":{"line":14,"column":16},"end":{"line":14,"column":17}},"loc":{"start":{"line":14,"column":27},"end":{"line":14,"column":58}},"line":14},"2":{"name":"(anonymous_2)","decl":{"start":{"line":22,"column":52},"end":{"line":22,"column":53}},"loc":{"start":{"line":23,"column":20},"end":{"line":23,"column":51}},"line":23},"3":{"name":"(anonymous_3)","decl":{"start":{"line":29,"column":36},"end":{"line":29,"column":37}},"loc":{"start":{"line":29,"column":46},"end":{"line":31,"column":13}},"line":29},"4":{"name":"(anonymous_4)","decl":{"start":{"line":47,"column":20},"end":{"line":47,"column":21}},"loc":{"start":{"line":47,"column":31},"end":{"line":47,"column":62}},"line":47},"5":{"name":"(anonymous_5)","decl":{"start":{"line":49,"column":20},"end":{"line":49,"column":21}},"loc":{"start":{"line":49,"column":31},"end":{"line":49,"column":62}},"line":49},"6":{"name":"(anonymous_6)","decl":{"start":{"line":54,"column":16},"end":{"line":54,"column":17}},"loc":{"start":{"line":54,"column":27},"end":{"line":54,"column":63}},"line":54}},"branchMap":{"0":{"loc":{"start":{"line":10,"column":24},"end":{"line":10,"column":44}},"type":"default-arg","locations":[{"start":{"line":10,"column":32},"end":{"line":10,"column":44}}],"line":10},"1":{"loc":{"start":{"line":11,"column":4},"end":{"line":71,"column":5}},"type":"switch","locations":[{"start":{"line":12,"column":8},"end":{"line":26,"column":13}},{"start":{"line":27,"column":8},"end":{"line":43,"column":14}},{"start":{"line":44,"column":8},"end":{"line":51,"column":14}},{"start":{"line":52,"column":8},"end":{"line":68,"column":14}},{"start":{"line":69,"column":8},"end":{"line":70,"column":25}}],"line":11},"2":{"loc":{"start":{"line":16,"column":12},"end":{"line":26,"column":13}},"type":"if","locations":[{"start":{"line":16,"column":12},"end":{"line":26,"column":13}},{"start":{"line":16,"column":12},"end":{"line":26,"column":13}}],"line":16}},"s":{"0":1,"1":1,"2":5,"3":1,"4":0,"5":1,"6":0,"7":0,"8":0,"9":1,"10":26,"11":1,"12":1,"13":1,"14":25,"15":1,"16":1,"17":1,"18":1,"19":26,"20":0,"21":1,"22":1,"23":1,"24":1,"25":1,"26":1,"27":1},"f":{"0":5,"1":0,"2":26,"3":25,"4":26,"5":0,"6":1},"b":{"0":[5],"1":[1,1,1,1,1],"2":[0,1]},"_coverageSchema":"1a1c01bbd47fc00a2c39e90264f33305004495a9","hash":"9da9cb04ccf90f1a53a771e02d4f0045b37e2ce3"}
}
